<?xml version="1.0" encoding="UTF-8"?>
<testng-results ignored="0" total="3" passed="3" failed="0" skipped="0">
  <reporter-output>
  </reporter-output>
  <suite started-at="2026-08-17T13:08:13 IST" name="Suite" finished-at="2026-08-17T13:08:17 IST" duration-ms="4405">
    <groups>
    </groups>
    <test started-at="2026-08-17T13:08:13 IST" name="Test" finished-at="2026-08-17T13:08:17 IST" duration-ms="4405">
      <class name="LoginDemo.ClassOne">
        <test-method signature="TestMethod1()[pri:0, instance:LoginDemo.ClassOne@79e4c792]" started-at="2026-08-17T13:08:13 IST" name="TestMethod1" finished-at="2026-08-17T13:08:13 IST" duration-ms="81" status="PASS">
          <reporter-output>
          </reporter-output>
        </test-method> <!-- TestMethod1 -->
      </class> <!-- LoginDemo.ClassOne -->
      <class name="LoginDemo.ClassTwo">
        <test-method signature="TestMethod2()[pri:0, instance:LoginDemo.ClassTwo@28261e8e]" started-at="2026-08-17T13:08:13 IST" name="TestMethod2" finished-at="2026-08-17T13:08:17 IST" duration-ms="4131" status="PASS">
          <reporter-output>
          </reporter-output>
        </test-method> <!-- TestMethod2 -->
      </class> <!-- LoginDemo.ClassTwo -->
    </test> <!-- Test -->
  </suite> <!-- Suite -->
  <suite started-at="2026-08-17T13:08:20 IST" name="Suite (0)" finished-at="2026-08-17T13:08:24 IST" duration-ms="4477">
    <groups>
    </groups>
    <test started-at="2026-08-17T13:08:20 IST" name="Test" finished-at="2026-08-17T13:08:24 IST" duration-ms="4477">
      <class name="TestClass.LoginTest">
        <test-method is-config="true" signature="OpenBrowser(java.lang.String)[pri:0, instance:TestClass.LoginTest@1fd14d74]" started-at="2026-08-17T13:08:17 IST" name="OpenBrowser" finished-at="2026-08-17T13:08:20 IST" duration-ms="2538" status="PASS">
          <params>
            <param index="0">
              <value>
                <![CDATA[chrome]]>
              </value>
            </param>
          </params>
          <reporter-output>
          </reporter-output>
        </test-method> <!-- OpenBrowser -->
        <test-method is-config="true" signature="BeforClass()[pri:0, instance:TestClass.LoginTest@1fd14d74]" started-at="2026-08-17T13:08:20 IST" name="BeforClass" finished-at="2026-08-17T13:08:21 IST" duration-ms="598" status="PASS">
          <reporter-output>
          </reporter-output>
        </test-method> <!-- BeforClass -->
        <test-method signature="LoginTest()[pri:0, instance:TestClass.LoginTest@1fd14d74]" started-at="2026-08-17T13:08:21 IST" name="LoginTest" finished-at="2026-08-17T13:08:24 IST" duration-ms="3863" status="PASS">
          <reporter-output>
          </reporter-output>
        </test-method> <!-- LoginTest -->
        <test-method is-config="true" signature="Closebrowser()[pri:0, instance:TestClass.LoginTest@1fd14d74]" started-at="2026-08-17T13:08:24 IST" name="Closebrowser" finished-at="2026-08-17T13:08:25 IST" duration-ms="578" status="PASS">
          <reporter-output>
          </reporter-output>
        </test-method> <!-- Closebrowser -->
      </class> <!-- TestClass.LoginTest -->
    </test> <!-- Test -->
  </suite> <!-- Suite (0) -->
</testng-results>
