<?xml version="1.0" encoding="UTF-8"?>
<testng-results ignored="0" total="2" passed="2" failed="0" skipped="0">
  <reporter-output>
  </reporter-output>
  <suite started-at="2026-08-17T13:07:28 IST" name="Suite" finished-at="2026-08-17T13:07:34 IST" duration-ms="5930">
    <groups>
    </groups>
    <test started-at="2026-08-17T13:07:28 IST" name="Test" finished-at="2026-08-17T13:07:34 IST" duration-ms="5930">
      <class name="LoginDemo.ClassOne">
        <test-method signature="TestMethod1()[pri:0, instance:LoginDemo.ClassOne@58e1d9d]" started-at="2026-08-17T13:07:29 IST" name="TestMethod1" finished-at="2026-08-17T13:07:29 IST" duration-ms="86" status="PASS">
          <reporter-output>
          </reporter-output>
        </test-method> <!-- TestMethod1 -->
      </class> <!-- LoginDemo.ClassOne -->
      <class name="LoginDemo.ClassTwo">
        <test-method signature="TestMethod2()[pri:0, instance:LoginDemo.ClassTwo@387a8303]" started-at="2026-08-17T13:07:29 IST" name="TestMethod2" finished-at="2026-08-17T13:07:34 IST" duration-ms="5610" status="PASS">
          <reporter-output>
          </reporter-output>
        </test-method> <!-- TestMethod2 -->
      </class> <!-- LoginDemo.ClassTwo -->
    </test> <!-- Test -->
  </suite> <!-- Suite -->
</testng-results>
